[30/07/2025, 15:48:28] - NOVO LEAD RECEBIDO:
{
  "nome": "TESTE TI FULANO",
  "documento": "152.693.807-30",
  "telefone": "(55) 96907-898",
  "email": "seu@email.com.br",
  "cep": "25251-560",
  "rua": "Rua Nadir",
  "numero": "17",
  "bairro": "Chácaras Arcampo",
  "cidade_estado": "Duque de Caxias / RJ",
  "info_adicional": "asdasdas",
  "servicos": [
    "Internet",
    "Telefonia Móvel"
  ],
  "g-recaptcha-response": "",
  "latitude": "0",
  "longitude": "0",
  "clientIp": "::1"
}
========================================

[30/07/2025, 16:16:23] - NOVO LEAD RECEBIDO:
{
  "nome": "TESTE TI FULANO",
  "documento": "508.381.610-57",
  "telefone": "(55) 96907-898",
  "email": "seu@email.com.br",
  "sem_cep": "on",
  "rua": "Rua Nadir",
  "numero": "17",
  "bairro": "VMH",
  "cidade_estado": "Duque de Caxias / RJ",
  "info_adicional": "sadasdasdasdas",
  "g-recaptcha-response": "",
  "latitude": "0",
  "longitude": "0",
  "clientIp": "::1",
  "apiResponse": {
    "cd_lead": 55319,
    "pass_sac": "423201",
    "status": "sucesso",
    "user_sac": "061cbcd2"
  }
}
========================================

